<?xml version="1.0" encoding="UTF-8"?>
<Site BuildName="(empty)"
	BuildStamp="20251103-0219-Experimental"
	Name="elijahs04-G5-MF5"
	Generator="ctest-3.22.1"
	CompilerName="/usr/bin/c++"
	CompilerVersion="11.4.0"
	OSName="Linux"
	Hostname="elijahs04-G5-MF5"
	OSRelease="6.8.0-86-generic"
	OSVersion="#87~22.04.1-Ubuntu SMP PREEMPT_DYNAMIC Mon Sep 29 09:48:07 UTC 2"
	OSPlatform="x86_64"
	Is64Bits="1"
	VendorString="GenuineIntel"
	VendorID="Intel Corporation"
	FamilyID="6"
	ModelID="154"
	ProcessorCacheSize="24576"
	NumberOfLogicalCPU="16"
	NumberOfPhysicalCPU="10"
	TotalVirtualMemory="2047"
	TotalPhysicalMemory="15695"
	LogicalProcessorsPerPhysical="1"
	ProcessorClockFrequency="3791.17"
	>
	<Testing>
		<StartDateTime>Nov 03 15:34 AEDT</StartDateTime>
		<StartTestTime>1762144452</StartTestTime>
		<TestList/>
		<EndDateTime>Nov 03 15:34 AEDT</EndDateTime>
		<EndTestTime>1762144452</EndTestTime>
		<ElapsedMinutes>0</ElapsedMinutes>
	</Testing>
</Site>
