<?xml version="1.0" encoding="UTF-8"?>
<Site BuildName="(empty)"
	BuildStamp="20250828-0330-Experimental"
	Name="elijahs04-G5-MF5"
	Generator="ctest-3.22.1"
	CompilerName="/usr/bin/c++"
	CompilerVersion="11.4.0"
	OSName="Linux"
	Hostname="elijahs04-G5-MF5"
	OSRelease="6.8.0-78-generic"
	OSVersion="#78~22.04.1-Ubuntu SMP PREEMPT_DYNAMIC Wed Aug 13 14:32:06 UTC 2"
	OSPlatform="x86_64"
	Is64Bits="1"
	VendorString="GenuineIntel"
	VendorID="Intel Corporation"
	FamilyID="6"
	ModelID="154"
	ProcessorCacheSize="24576"
	NumberOfLogicalCPU="16"
	NumberOfPhysicalCPU="10"
	TotalVirtualMemory="2047"
	TotalPhysicalMemory="15695"
	LogicalProcessorsPerPhysical="1"
	ProcessorClockFrequency="4100"
	>
	<Testing>
		<StartDateTime>Aug 28 13:30 AEST</StartDateTime>
		<StartTestTime>1756351834</StartTestTime>
		<TestList/>
		<EndDateTime>Aug 28 13:30 AEST</EndDateTime>
		<EndTestTime>1756351834</EndTestTime>
		<ElapsedMinutes>0</ElapsedMinutes>
	</Testing>
</Site>
